# JRE version: OpenJDK Runtime Environment (8.0_222-b10) (build 1.8.0_222-8u222-b10-1ubuntu1~16.04.1-b10)
# Java VM: OpenJDK 64-Bit Server VM (25.222-b10 mixed mode linux-amd64 compressed oops)
Heap:
 def new generation   total 81728K, used 0K [0x00000000c0000000, 0x00000000c58a0000, 0x00000000d5550000)
  eden space 72704K,   0% used [0x00000000c0000000, 0x00000000c0000000, 0x00000000c4700000)
  from space 9024K,   0% used [0x00000000c4fd0000, 0x00000000c4fd0000, 0x00000000c58a0000)
  to   space 9024K,   0% used [0x00000000c4700000, 0x00000000c4700000, 0x00000000c4fd0000)
 tenured generation   total 197744K, used 150157K [0x00000000d5550000, 0x00000000e166c000, 0x0000000100000000)
   the space 197744K,  75% used [0x00000000d5550000, 0x00000000de7f3540, 0x00000000de7f3600, 0x00000000e166c000)
 Metaspace       used 103084K, capacity 106669K, committed 109912K, reserved 1144832K
  class space    used 13200K, capacity 13610K, committed 14168K, reserved 1048576K
GC Heap History (10 events):
Event: 2985.710 GC heap after
Heap after GC invocations=6515 (full 19):
 def new generation   total 81728K, used 3119K [0x00000000c0000000, 0x00000000c58a0000, 0x00000000d5550000)
  eden space 72704K,   0% used [0x00000000c0000000, 0x00000000c0000000, 0x00000000c4700000)
  from space 9024K,  34% used [0x00000000c4700000, 0x00000000c4a0bf80, 0x00000000c4fd0000)
  to   space 9024K,   0% used [0x00000000c4fd0000, 0x00000000c4fd0000, 0x00000000c58a0000)
 tenured generation   total 181356K, used 168741K [0x00000000d5550000, 0x00000000e066b000, 0x0000000100000000)
   the space 181356K,  93% used [0x00000000d5550000, 0x00000000dfa195d0, 0x00000000dfa19600, 0x00000000e066b000)
 Metaspace       used 103084K, capacity 106669K, committed 109912K, reserved 1144832K
  class space    used 13200K, capacity 13610K, committed 14168K, reserved 1048576K
}
Event: 2985.810 GC heap before
{Heap before GC invocations=6515 (full 19):
 def new generation   total 81728K, used 75823K [0x00000000c0000000, 0x00000000c58a0000, 0x00000000d5550000)
  eden space 72704K, 100% used [0x00000000c0000000, 0x00000000c4700000, 0x00000000c4700000)
  from space 9024K,  34% used [0x00000000c4700000, 0x00000000c4a0bf80, 0x00000000c4fd0000)
  to   space 9024K,   0% used [0x00000000c4fd0000, 0x00000000c4fd0000, 0x00000000c58a0000)
 tenured generation   total 181356K, used 168741K [0x00000000d5550000, 0x00000000e066b000, 0x0000000100000000)
   the space 181356K,  93% used [0x00000000d5550000, 0x00000000dfa195d0, 0x00000000dfa19600, 0x00000000e066b000)
 Metaspace       used 103084K, capacity 106669K, committed 109912K, reserved 1144832K
  class space    used 13200K, capacity 13610K, committed 14168K, reserved 1048576K
Event: 2985.815 GC heap after
Heap after GC invocations=6516 (full 19):
 def new generation   total 81728K, used 3555K [0x00000000c0000000, 0x00000000c58a0000, 0x00000000d5550000)
  eden space 72704K,   0% used [0x00000000c0000000, 0x00000000c0000000, 0x00000000c4700000)
  from space 9024K,  39% used [0x00000000c4fd0000, 0x00000000c5348ed8, 0x00000000c58a0000)
  to   space 9024K,   0% used [0x00000000c4700000, 0x00000000c4700000, 0x00000000c4fd0000)
 tenured generation   total 181356K, used 168741K [0x00000000d5550000, 0x00000000e066b000, 0x0000000100000000)
   the space 181356K,  93% used [0x00000000d5550000, 0x00000000dfa195d0, 0x00000000dfa19600, 0x00000000e066b000)
 Metaspace       used 103084K, capacity 106669K, committed 109912K, reserved 1144832K
  class space    used 13200K, capacity 13610K, committed 14168K, reserved 1048576K
}
Event: 2985.886 GC heap before
{Heap before GC invocations=6516 (full 19):
 def new generation   total 81728K, used 76259K [0x00000000c0000000, 0x00000000c58a0000, 0x00000000d5550000)
  eden space 72704K, 100% used [0x00000000c0000000, 0x00000000c4700000, 0x00000000c4700000)
  from space 9024K,  39% used [0x00000000c4fd0000, 0x00000000c5348ed8, 0x00000000c58a0000)
  to   space 9024K,   0% used [0x00000000c4700000, 0x00000000c4700000, 0x00000000c4fd0000)
 tenured generation   total 181356K, used 168741K [0x00000000d5550000, 0x00000000e066b000, 0x0000000100000000)
   the space 181356K,  93% used [0x00000000d5550000, 0x00000000dfa195d0, 0x00000000dfa19600, 0x00000000e066b000)
 Metaspace       used 103084K, capacity 106669K, committed 109912K, reserved 1144832K
  class space    used 13200K, capacity 13610K, committed 14168K, reserved 1048576K
Event: 2985.892 GC heap after
Heap after GC invocations=6517 (full 19):
 def new generation   total 81728K, used 3109K [0x00000000c0000000, 0x00000000c58a0000, 0x00000000d5550000)
  eden space 72704K,   0% used [0x00000000c0000000, 0x00000000c0000000, 0x00000000c4700000)
  from space 9024K,  34% used [0x00000000c4700000, 0x00000000c4a095d0, 0x00000000c4fd0000)
  to   space 9024K,   0% used [0x00000000c4fd0000, 0x00000000c4fd0000, 0x00000000c58a0000)
 tenured generation   total 181356K, used 169186K [0x00000000d5550000, 0x00000000e066b000, 0x0000000100000000)
   the space 181356K,  93% used [0x00000000d5550000, 0x00000000dfa88a28, 0x00000000dfa88c00, 0x00000000e066b000)
 Metaspace       used 103084K, capacity 106669K, committed 109912K, reserved 1144832K
  class space    used 13200K, capacity 13610K, committed 14168K, reserved 1048576K
}
Event: 2985.961 GC heap before
{Heap before GC invocations=6517 (full 19):
 def new generation   total 81728K, used 75813K [0x00000000c0000000, 0x00000000c58a0000, 0x00000000d5550000)
  eden space 72704K, 100% used [0x00000000c0000000, 0x00000000c4700000, 0x00000000c4700000)
  from space 9024K,  34% used [0x00000000c4700000, 0x00000000c4a095d0, 0x00000000c4fd0000)
  to   space 9024K,   0% used [0x00000000c4fd0000, 0x00000000c4fd0000, 0x00000000c58a0000)
 tenured generation   total 181356K, used 169186K [0x00000000d5550000, 0x00000000e066b000, 0x0000000100000000)
   the space 181356K,  93% used [0x00000000d5550000, 0x00000000dfa88a28, 0x00000000dfa88c00, 0x00000000e066b000)
 Metaspace       used 103084K, capacity 106669K, committed 109912K, reserved 1144832K
  class space    used 13200K, capacity 13610K, committed 14168K, reserved 1048576K
Event: 2985.966 GC heap after
Heap after GC invocations=6518 (full 19):
 def new generation   total 81728K, used 3109K [0x00000000c0000000, 0x00000000c58a0000, 0x00000000d5550000)
  eden space 72704K,   0% used [0x00000000c0000000, 0x00000000c0000000, 0x00000000c4700000)
  from space 9024K,  34% used [0x00000000c4fd0000, 0x00000000c52d94c0, 0x00000000c58a0000)
  to   space 9024K,   0% used [0x00000000c4700000, 0x00000000c4700000, 0x00000000c4fd0000)
 tenured generation   total 181356K, used 169186K [0x00000000d5550000, 0x00000000e066b000, 0x0000000100000000)
   the space 181356K,  93% used [0x00000000d5550000, 0x00000000dfa88bc8, 0x00000000dfa88c00, 0x00000000e066b000)
 Metaspace       used 103084K, capacity 106669K, committed 109912K, reserved 1144832K
  class space    used 13200K, capacity 13610K, committed 14168K, reserved 1048576K
}
Event: 2986.066 GC heap before
{Heap before GC invocations=6518 (full 19):
 def new generation   total 81728K, used 75813K [0x00000000c0000000, 0x00000000c58a0000, 0x00000000d5550000)
  eden space 72704K, 100% used [0x00000000c0000000, 0x00000000c4700000, 0x00000000c4700000)
  from space 9024K,  34% used [0x00000000c4fd0000, 0x00000000c52d94c0, 0x00000000c58a0000)
  to   space 9024K,   0% used [0x00000000c4700000, 0x00000000c4700000, 0x00000000c4fd0000)
 tenured generation   total 181356K, used 169186K [0x00000000d5550000, 0x00000000e066b000, 0x0000000100000000)
   the space 181356K,  93% used [0x00000000d5550000, 0x00000000dfa88bc8, 0x00000000dfa88c00, 0x00000000e066b000)
 Metaspace       used 103084K, capacity 106669K, committed 109912K, reserved 1144832K
  class space    used 13200K, capacity 13610K, committed 14168K, reserved 1048576K
Event: 2986.071 GC heap after
Heap after GC invocations=6519 (full 19):
 def new generation   total 81728K, used 3562K [0x00000000c0000000, 0x00000000c58a0000, 0x00000000d5550000)
  eden space 72704K,   0% used [0x00000000c0000000, 0x00000000c0000000, 0x00000000c4700000)
  from space 9024K,  39% used [0x00000000c4700000, 0x00000000c4a7a8c8, 0x00000000c4fd0000)
  to   space 9024K,   0% used [0x00000000c4fd0000, 0x00000000c4fd0000, 0x00000000c58a0000)
 tenured generation   total 181356K, used 169186K [0x00000000d5550000, 0x00000000e066b000, 0x0000000100000000)
   the space 181356K,  93% used [0x00000000d5550000, 0x00000000dfa88bc8, 0x00000000dfa88c00, 0x00000000e066b000)
 Metaspace       used 103084K, capacity 106669K, committed 109912K, reserved 1144832K
  class space    used 13200K, capacity 13610K, committed 14168K, reserved 1048576K
}
Event: 2986.128 GC heap before
{Heap before GC invocations=6519 (full 19):
 def new generation   total 81728K, used 76266K [0x00000000c0000000, 0x00000000c58a0000, 0x00000000d5550000)
  eden space 72704K, 100% used [0x00000000c0000000, 0x00000000c4700000, 0x00000000c4700000)
  from space 9024K,  39% used [0x00000000c4700000, 0x00000000c4a7a8c8, 0x00000000c4fd0000)
  to   space 9024K,   0% used [0x00000000c4fd0000, 0x00000000c4fd0000, 0x00000000c58a0000)
 tenured generation   total 181356K, used 169186K [0x00000000d5550000, 0x00000000e066b000, 0x0000000100000000)
   the space 181356K,  93% used [0x00000000d5550000, 0x00000000dfa88bc8, 0x00000000dfa88c00, 0x00000000e066b000)
 Metaspace       used 103084K, capacity 106669K, committed 109912K, reserved 1144832K
  class space    used 13200K, capacity 13610K, committed 14168K, reserved 1048576K

